<?xml version="1.0" encoding="UTF-8"?>
<testsuite xmlns:xsi="http://www.w3.org/2001/XMLSchema-instance" xsi:noNamespaceSchemaLocation="https://maven.apache.org/surefire/maven-surefire-plugin/xsd/surefire-test-report-3.0.xsd" version="3.0" name="eu.telecomsudparis.csc4102.minisocs.unitaires.TestUtilisateur" time="0.047" tests="12" errors="0" skipped="0" failures="0">
  <properties>
[...]
</properties>
  <testcase name="constructeurUtilisateurTest4eu1" classname="eu.telecomsudparis.csc4102.minisocs.unitaires.TestUtilisateur" time="0.02"/>
  <testcase name="desactiverTest2Jeu1Puis2" classname="eu.telecomsudparis.csc4102.minisocs.unitaires.TestUtilisateur" time="0.002"/>
  <testcase name="constructeurUtilisateurTest6Puis5" classname="eu.telecomsudparis.csc4102.minisocs.unitaires.TestUtilisateur" time="0.001"/>
  <testcase name="desactiverTest1" classname="eu.telecomsudparis.csc4102.minisocs.unitaires.TestUtilisateur" time="0.002"/>
  <testcase name="constructeurUtilisateurTest1Jeu1" classname="eu.telecomsudparis.csc4102.minisocs.unitaires.TestUtilisateur" time="0.001"/>
  <testcase name="constructeurUtilisateurTest1Jeu2" classname="eu.telecomsudparis.csc4102.minisocs.unitaires.TestUtilisateur" time="0.001"/>
  <testcase name="constructeurUtilisateurTest2Jeu1" classname="eu.telecomsudparis.csc4102.minisocs.unitaires.TestUtilisateur" time="0.001"/>
  <testcase name="constructeurUtilisateurTest2Jeu2" classname="eu.telecomsudparis.csc4102.minisocs.unitaires.TestUtilisateur" time="0.001"/>
  <testcase name="constructeurUtilisateurTest3Jeu1" classname="eu.telecomsudparis.csc4102.minisocs.unitaires.TestUtilisateur" time="0.0"/>
  <testcase name="constructeurUtilisateurTest3Jeu2" classname="eu.telecomsudparis.csc4102.minisocs.unitaires.TestUtilisateur" time="0.0"/>
  <testcase name="constructeurUtilisateurTest4Jeu2" classname="eu.telecomsudparis.csc4102.minisocs.unitaires.TestUtilisateur" time="0.001"/>
  <testcase name="constructeurUtilisateurTest4Jeu3" classname="eu.telecomsudparis.csc4102.minisocs.unitaires.TestUtilisateur" time="0.0"/>
</testsuite>